2024-08-30 10:14:55.235  INFO 16320 --- [main] com.example.ged.GedApplication           : Starting GedApplication using Java 17.0.10 on KHALIL with PID 16320 (C:\Users\PC\Desktop\GED\target\classes started by PC in C:\Users\PC\Desktop\GED)
2024-08-30 10:14:55.261  INFO 16320 --- [main] com.example.ged.GedApplication           : No active profile set, falling back to default profiles: default
2024-08-30 10:15:00.594  INFO 16320 --- [main] .s.d.r.c.RepositoryConfigurationDelegate : Bootstrapping Spring Data JPA repositories in DEFAULT mode.
2024-08-30 10:15:01.643  INFO 16320 --- [main] .s.d.r.c.RepositoryConfigurationDelegate : Finished Spring Data repository scanning in 1009 ms. Found 8 JPA repository interfaces.
2024-08-30 10:15:05.826  INFO 16320 --- [main] o.s.b.w.embedded.tomcat.TomcatWebServer  : Tomcat initialized with port(s): 91 (http)
2024-08-30 10:15:05.857  INFO 16320 --- [main] o.apache.catalina.core.StandardService   : Starting service [Tomcat]
2024-08-30 10:15:05.858  INFO 16320 --- [main] org.apache.catalina.core.StandardEngine  : Starting Servlet engine: [Apache Tomcat/9.0.55]
2024-08-30 10:15:06.441  INFO 16320 --- [main] o.a.c.c.C.[Tomcat].[localhost].[/]       : Initializing Spring embedded WebApplicationContext
2024-08-30 10:15:06.441  INFO 16320 --- [main] w.s.c.ServletWebServerApplicationContext : Root WebApplicationContext: initialization completed in 10930 ms
2024-08-30 10:15:10.475  INFO 16320 --- [main] o.hibernate.jpa.internal.util.LogHelper  : HHH000204: Processing PersistenceUnitInfo [name: default]
2024-08-30 10:15:10.715  INFO 16320 --- [main] org.hibernate.Version                    : HHH000412: Hibernate ORM core version 5.6.1.Final
2024-08-30 10:15:11.429  INFO 16320 --- [main] o.hibernate.annotations.common.Version   : HCANN000001: Hibernate Commons Annotations {5.1.2.Final}
2024-08-30 10:15:12.194  INFO 16320 --- [main] com.zaxxer.hikari.HikariDataSource       : HikariPool-1 - Starting...
2024-08-30 10:15:13.411  INFO 16320 --- [main] com.zaxxer.hikari.HikariDataSource       : HikariPool-1 - Start completed.
2024-08-30 10:15:13.462  INFO 16320 --- [main] org.hibernate.dialect.Dialect            : HHH000400: Using dialect: org.hibernate.dialect.MySQL8Dialect
2024-08-30 10:15:16.844  INFO 16320 --- [main] o.h.e.t.j.p.i.JtaPlatformInitiator       : HHH000490: Using JtaPlatform implementation: [org.hibernate.engine.transaction.jta.platform.internal.NoJtaPlatform]
2024-08-30 10:15:16.875  INFO 16320 --- [main] j.LocalContainerEntityManagerFactoryBean : Initialized JPA EntityManagerFactory for persistence unit 'default'
2024-08-30 10:15:26.801  WARN 16320 --- [main] JpaBaseConfiguration$JpaWebConfiguration : spring.jpa.open-in-view is enabled by default. Therefore, database queries may be performed during view rendering. Explicitly configure spring.jpa.open-in-view to disable this warning
2024-08-30 10:15:28.353  INFO 16320 --- [main] o.s.b.a.e.web.EndpointLinksResolver      : Exposing 1 endpoint(s) beneath base path '/actuator'
2024-08-30 10:15:28.519  INFO 16320 --- [main] o.s.s.web.DefaultSecurityFilterChain     : Will secure any request with [org.springframework.security.web.context.request.async.WebAsyncManagerIntegrationFilter@5cbebfba, org.springframework.security.web.context.SecurityContextPersistenceFilter@71842e18, org.springframework.security.web.header.HeaderWriterFilter@7712df76, org.springframework.web.filter.CorsFilter@66ce4b4, org.springframework.security.web.authentication.logout.LogoutFilter@6f986031, org.springframework.security.oauth2.server.resource.web.BearerTokenAuthenticationFilter@7fba30fe, org.springframework.security.web.savedrequest.RequestCacheAwareFilter@13cc3984, org.springframework.security.web.servletapi.SecurityContextHolderAwareRequestFilter@35c9f527, org.springframework.security.web.authentication.AnonymousAuthenticationFilter@58df2864, org.springframework.security.web.session.SessionManagementFilter@1f05d08c, org.springframework.security.web.access.ExceptionTranslationFilter@10664c3d, org.springframework.security.web.access.intercept.AuthorizationFilter@435e224d]
2024-08-30 10:15:30.720  INFO 16320 --- [main] o.s.b.w.embedded.tomcat.TomcatWebServer  : Tomcat started on port(s): 91 (http) with context path ''
2024-08-30 10:15:30.905  INFO 16320 --- [main] com.example.ged.GedApplication           : Started GedApplication in 37.352 seconds (JVM running for 39.414)
2024-08-30 10:16:18.086  INFO 16320 --- [http-nio-91-exec-3] o.a.c.c.C.[Tomcat].[localhost].[/]       : Initializing Spring DispatcherServlet 'dispatcherServlet'
2024-08-30 10:16:18.087  INFO 16320 --- [http-nio-91-exec-3] o.s.web.servlet.DispatcherServlet        : Initializing Servlet 'dispatcherServlet'
2024-08-30 10:16:18.092  INFO 16320 --- [http-nio-91-exec-3] o.s.web.servlet.DispatcherServlet        : Completed initialization in 4 ms
2024-08-30 10:54:10.932  WARN 16320 --- [HikariPool-1 housekeeper] com.zaxxer.hikari.pool.HikariPool        : HikariPool-1 - Thread starvation or clock leap detected (housekeeper delta=23m25s743ms286µs100ns).
2024-08-30 10:54:43.230  INFO 16320 --- [SpringApplicationShutdownHook] j.LocalContainerEntityManagerFactoryBean : Closing JPA EntityManagerFactory for persistence unit 'default'
2024-08-30 10:54:43.240  INFO 16320 --- [SpringApplicationShutdownHook] com.zaxxer.hikari.HikariDataSource       : HikariPool-1 - Shutdown initiated...
2024-08-30 10:54:43.253  INFO 16320 --- [SpringApplicationShutdownHook] com.zaxxer.hikari.HikariDataSource       : HikariPool-1 - Shutdown completed.
